<?xml version="1.0" encoding="UTF-8"?>
<robot generator="Robot 7.3.1 (Python 3.12.1 on win32)" generated="2025-06-21T19:28:05.618790" rpa="false" schemaversion="5">
<suite id="s1" name="SendGmail" source="D:\pycharm installed\procject\.venv\Scripts\SendGmail.robot">
<test id="s1-t1" name="Send Email At 1700" line="15">
<kw name="Open Browser" owner="SeleniumLibrary">
<msg time="2025-06-21T19:28:06.376787" level="INFO">Opening browser 'chrome' to base url 'https://www.gmail.com/'.</msg>
<arg>${URL}</arg>
<arg>chrome</arg>
<doc>Opens a new browser instance to the optional ``url``.</doc>
<status status="PASS" start="2025-06-21T19:28:06.375786" elapsed="3.531798"/>
</kw>
<kw name="Maximize Browser Window" owner="SeleniumLibrary">
<doc>Maximizes current browser window.</doc>
<status status="PASS" start="2025-06-21T19:28:09.915571" elapsed="0.290571"/>
</kw>
<kw name="Input Text" owner="SeleniumLibrary">
<msg time="2025-06-21T19:28:10.208142" level="INFO">Typing text 'examplefortest12@gmail.com' into text field 'xpath=//input[@type='email']'.</msg>
<arg>xpath=//input[@type='email']</arg>
<arg>${USERNAME}</arg>
<doc>Types the given ``text`` into the text field identified by ``locator``.</doc>
<status status="PASS" start="2025-06-21T19:28:10.207143" elapsed="0.710033"/>
</kw>
<kw name="Click Element" owner="SeleniumLibrary">
<msg time="2025-06-21T19:28:10.918178" level="INFO">Clicking element 'xpath=//span[text()='Next']'.</msg>
<arg>xpath=//span[text()='Next']</arg>
<doc>Click the element identified by ``locator``.</doc>
<status status="PASS" start="2025-06-21T19:28:10.918178" elapsed="0.239013"/>
</kw>
<kw name="Wait Until Element Is Visible" owner="SeleniumLibrary">
<arg>xpath=//input[@type='password']</arg>
<doc>Waits until the element ``locator`` is visible.</doc>
<status status="PASS" start="2025-06-21T19:28:11.158183" elapsed="4.517228"/>
</kw>
<kw name="Input Password" owner="SeleniumLibrary">
<msg time="2025-06-21T19:28:15.676412" level="INFO">Typing password into text field 'xpath=//input[@type='password']'.</msg>
<msg time="2025-06-21T19:28:15.723412" level="INFO">Temporally setting log level to: NONE</msg>
<arg>xpath=//input[@type='password']</arg>
<arg>${PASSWORD}</arg>
<doc>Types the given password into the text field identified by ``locator``.</doc>
<status status="PASS" start="2025-06-21T19:28:15.676412" elapsed="0.199003"/>
</kw>
<kw name="Click Element" owner="SeleniumLibrary">
<msg time="2025-06-21T19:28:15.876415" level="INFO">Clicking element 'xpath=//span[text()='Next']'.</msg>
<arg>xpath=//span[text()='Next']</arg>
<doc>Click the element identified by ``locator``.</doc>
<status status="PASS" start="2025-06-21T19:28:15.875415" elapsed="0.133041"/>
</kw>
<kw name="Run Keyword And Ignore Error" owner="BuiltIn">
<kw name="Wait Until Element Is Visible" owner="SeleniumLibrary">
<msg time="2025-06-21T19:28:21.705264" level="INFO" html="true">&lt;/td&gt;&lt;/tr&gt;&lt;tr&gt;&lt;td colspan="3"&gt;&lt;a href="selenium-screenshot-47.png"&gt;&lt;img src="selenium-screenshot-47.png" width="800px"&gt;&lt;/a&gt;</msg>
<msg time="2025-06-21T19:28:21.706273" level="FAIL">Element 'id=acceppt-button-content' not visible after 5 seconds.</msg>
<arg>id=acceppt-button-content</arg>
<arg>timeout=5s</arg>
<doc>Waits until the element ``locator`` is visible.</doc>
<status status="FAIL" start="2025-06-21T19:28:16.010422" elapsed="5.697826">Element 'id=acceppt-button-content' not visible after 5 seconds.</status>
</kw>
<arg>Wait Until Element Is Visible</arg>
<arg>id=acceppt-button-content</arg>
<arg>timeout=5s</arg>
<doc>Runs the given keyword with the given arguments and ignores possible error.</doc>
<status status="PASS" start="2025-06-21T19:28:16.010422" elapsed="5.697826"/>
</kw>
<kw name="Run Keyword And Ignore Error" owner="BuiltIn">
<kw name="Click Element" owner="SeleniumLibrary">
<msg time="2025-06-21T19:28:21.709249" level="INFO">Clicking element 'id=acceppt-button-content'.</msg>
<msg time="2025-06-21T19:28:22.145249" level="INFO" html="true">&lt;/td&gt;&lt;/tr&gt;&lt;tr&gt;&lt;td colspan="3"&gt;&lt;a href="selenium-screenshot-48.png"&gt;&lt;img src="selenium-screenshot-48.png" width="800px"&gt;&lt;/a&gt;</msg>
<msg time="2025-06-21T19:28:22.145249" level="FAIL">Element with locator 'id=acceppt-button-content' not found.</msg>
<arg>id=acceppt-button-content</arg>
<doc>Click the element identified by ``locator``.</doc>
<status status="FAIL" start="2025-06-21T19:28:21.709249" elapsed="0.440012">Element with locator 'id=acceppt-button-content' not found.</status>
</kw>
<arg>Click Element</arg>
<arg>id=acceppt-button-content</arg>
<doc>Runs the given keyword with the given arguments and ignores possible error.</doc>
<status status="PASS" start="2025-06-21T19:28:21.708248" elapsed="0.441013"/>
</kw>
<kw name="Sleep" owner="BuiltIn">
<msg time="2025-06-21T19:28:37.150745" level="INFO">Slept 15 seconds.</msg>
<arg>15s</arg>
<doc>Pauses the test executed for the given time.</doc>
<status status="PASS" start="2025-06-21T19:28:22.150248" elapsed="15.000497"/>
</kw>
<kw name="Click Element" owner="SeleniumLibrary">
<msg time="2025-06-21T19:28:37.152752" level="INFO">Clicking element 'xpath=//div[text()='Compose']'.</msg>
<arg>xpath=//div[text()='Compose']</arg>
<doc>Click the element identified by ``locator``.</doc>
<status status="PASS" start="2025-06-21T19:28:37.151767" elapsed="0.310131"/>
</kw>
<kw name="Wait Until Element Is Visible" owner="SeleniumLibrary">
<arg>xpath=//input[@aria-label='To recipients']</arg>
<arg>timeout=15s</arg>
<doc>Waits until the element ``locator`` is visible.</doc>
<status status="PASS" start="2025-06-21T19:28:37.462900" elapsed="0.146001"/>
</kw>
<kw name="Input Text" owner="SeleniumLibrary">
<msg time="2025-06-21T19:28:37.609903" level="INFO">Typing text 'uploadfile927@gmail.com' into text field 'xpath=//input[@aria-label='To recipients']'.</msg>
<arg>xpath=//input[@aria-label='To recipients']</arg>
<arg>${TO_EMAIL}</arg>
<doc>Types the given ``text`` into the text field identified by ``locator``.</doc>
<status status="PASS" start="2025-06-21T19:28:37.608901" elapsed="0.508000"/>
</kw>
<kw name="Wait Until Element Is Visible" owner="SeleniumLibrary">
<arg>xpath=//input[@aria-label='Subject']</arg>
<doc>Waits until the element ``locator`` is visible.</doc>
<status status="PASS" start="2025-06-21T19:28:38.117903" elapsed="0.160996"/>
</kw>
<kw name="Input Text" owner="SeleniumLibrary">
<msg time="2025-06-21T19:28:38.281900" level="INFO">Typing text 'Email alert' into text field 'xpath=//input[@aria-label='Subject']'.</msg>
<arg>xpath=//input[@aria-label='Subject']</arg>
<arg>${SUBJECT}</arg>
<doc>Types the given ``text`` into the text field identified by ``locator``.</doc>
<status status="PASS" start="2025-06-21T19:28:38.281900" elapsed="0.162000"/>
</kw>
<kw name="Input Text" owner="SeleniumLibrary">
<msg time="2025-06-21T19:28:38.443900" level="INFO">Typing text 'This is an automated message telling the time is 1700' into text field 'xpath=//div[@aria-label='Message Body']'.</msg>
<arg>xpath=//div[@aria-label='Message Body']</arg>
<arg>${BODY}</arg>
<doc>Types the given ``text`` into the text field identified by ``locator``.</doc>
<status status="PASS" start="2025-06-21T19:28:38.443900" elapsed="0.529998"/>
</kw>
<kw name="Click Element" owner="SeleniumLibrary">
<msg time="2025-06-21T19:28:38.974898" level="INFO">Clicking element 'xpath=//div[text()='Send']'.</msg>
<arg>xpath=//div[text()='Send']</arg>
<doc>Click the element identified by ``locator``.</doc>
<status status="PASS" start="2025-06-21T19:28:38.973898" elapsed="0.184005"/>
</kw>
<kw name="Sleep" owner="BuiltIn">
<msg time="2025-06-21T19:28:49.159794" level="INFO">Slept 10 seconds.</msg>
<arg>10s</arg>
<doc>Pauses the test executed for the given time.</doc>
<status status="PASS" start="2025-06-21T19:28:39.158898" elapsed="10.000896"/>
</kw>
<kw name="Click Element" owner="SeleniumLibrary">
<msg time="2025-06-21T19:28:49.159794" level="INFO">Clicking element 'xpath=//a[@aria-label='Sent']'.</msg>
<arg>xpath=//a[@aria-label='Sent']</arg>
<doc>Click the element identified by ``locator``.</doc>
<status status="PASS" start="2025-06-21T19:28:49.159794" elapsed="0.135476"/>
</kw>
<kw name="Sleep" owner="BuiltIn">
<msg time="2025-06-21T19:29:13.295497" level="INFO">Slept 24 seconds.</msg>
<arg>24s</arg>
<doc>Pauses the test executed for the given time.</doc>
<status status="PASS" start="2025-06-21T19:28:49.295270" elapsed="24.000227"/>
</kw>
<kw name="Close Browser" owner="SeleniumLibrary">
<doc>Closes the current browser.</doc>
<status status="PASS" start="2025-06-21T19:29:13.295497" elapsed="2.712452"/>
</kw>
<status status="PASS" start="2025-06-21T19:28:06.373788" elapsed="69.635129"/>
</test>
<status status="PASS" start="2025-06-21T19:28:05.622787" elapsed="70.387129"/>
</suite>
<statistics>
<total>
<stat pass="1" fail="0" skip="0">All Tests</stat>
</total>
<tag>
</tag>
<suite>
<stat name="SendGmail" id="s1" pass="1" fail="0" skip="0">SendGmail</stat>
</suite>
</statistics>
<errors>
<msg time="2025-06-21T19:28:05.623789" level="ERROR">Error in file 'D:\pycharm installed\procject\.venv\Scripts\SendGmail.robot' on line 6: Setting variable '${CHROME PATH} C:/Program Files/Google/Chrome/Application/chrome.exe' failed: Invalid variable name '${CHROME PATH} C:/Program Files/Google/Chrome/Application/chrome.exe'.</msg>
</errors>
</robot>
